Building DAG of jobs...
Using shell: /usr/bin/bash
Provided cores: 5
Rules claiming more threads will be scaled down.
Job stats:
job      count    min threads    max threads
-----  -------  -------------  -------------
plot         2              1              1
total        2              1              1

Select jobs to execute...

[Wed Dec  8 14:43:56 2021]
rule plot:
    input: ds2.csv
    output: ds2_plot.pdf
    jobid: 0
    wildcards: dataset=ds2
    resources: tmpdir=/tmp

./myplotter.py -o ds2_plot.pdf ds2.csv

[Wed Dec  8 14:43:56 2021]
rule plot:
    input: ds1.csv
    output: ds1_plot.pdf
    jobid: 1
    wildcards: dataset=ds1
    resources: tmpdir=/tmp

./myplotter.py -o ds1_plot.pdf ds1.csv
[Wed Dec  8 14:43:56 2021]
Error in rule plot:
    jobid: 0
[Wed Dec  8 14:43:56 2021]
    output: ds2_plot.pdf
Error in rule plot:
    shell:
        ./myplotter.py -o ds2_plot.pdf ds2.csv
        (one of the commands exited with non-zero exit code; note that snakemake uses bash strict mode!)
    jobid: 1

    output: ds1_plot.pdf
    shell:
        ./myplotter.py -o ds1_plot.pdf ds1.csv
        (one of the commands exited with non-zero exit code; note that snakemake uses bash strict mode!)

Shutting down, this might take some time.
Exiting because a job execution failed. Look above for error message
Complete log: /localdisk/home/s2255686/LectureExercises/Lect20_snakemake/.snakemake/log/2021-12-08T144356.623336.snakemake.log
